<?xml version="1.0" encoding="UTF-8"?>
<!-- Generated by org.testng.reporters.JUnitXMLReporter -->
<testsuite ignored="1" hostname="DESKTOP-FNDG169" failures="0" tests="2" name="Default test" time="18.75" errors="0" timestamp="2024-05-20T08:37:25 IST">
  <testcase classname="testcases.registerTestcases" name="verifyRegisterwithvalidData" time="4.673"/>
  <testcase classname="testcases.registerTestcases" name="verifyRegisterwithblankData" time="6.151"/>
  <testcase classname="testcases.registerTestcases" name="verifyRegisterwithinvalidData" time="0.0">
    <ignored/>
  </testcase> <!-- verifyRegisterwithinvalidData -->
</testsuite> <!-- Default test -->
